d:\c++projects\soundmanager\soundmanager\debug\vc142.pdb
d:\c++projects\soundmanager\soundmanager\debug\vc142.idb
d:\c++projects\soundmanager\soundmanager\debug\itempositioncalculator.obj
d:\c++projects\soundmanager\soundmanager\debug\input.obj
d:\c++projects\soundmanager\soundmanager\debug\imgui_widgets.obj
d:\c++projects\soundmanager\soundmanager\debug\imgui_tables.obj
d:\c++projects\soundmanager\soundmanager\debug\imgui_impl_win32.obj
d:\c++projects\soundmanager\soundmanager\debug\imgui_impl_dx9.obj
d:\c++projects\soundmanager\soundmanager\debug\imgui_impl_dx11.obj
d:\c++projects\soundmanager\soundmanager\debug\imgui_impl_dx10.obj
d:\c++projects\soundmanager\soundmanager\debug\imgui_draw.obj
d:\c++projects\soundmanager\soundmanager\debug\imgui.obj
d:\c++projects\soundmanager\soundmanager\debug\idropguitarget.obj
d:\c++projects\soundmanager\soundmanager\debug\idragguitarget.obj
d:\c++projects\soundmanager\soundmanager\debug\guitree.obj
d:\c++projects\soundmanager\soundmanager\debug\guitext.obj
d:\c++projects\soundmanager\soundmanager\debug\guiitem.obj
d:\c++projects\soundmanager\soundmanager\debug\filesviewertab.obj
d:\c++projects\soundmanager\soundmanager\debug\filehierarchytab.obj
d:\c++projects\soundmanager\soundmanager\debug\droptarget.obj
d:\c++projects\soundmanager\soundmanager\debug\dragmanager.obj
d:\c++projects\soundmanager\soundmanager\debug\directx11init.obj
d:\c++projects\soundmanager\soundmanager\debug\tabslayout.obj
d:\c++projects\soundmanager\soundmanager\debug\tabbase.obj
d:\c++projects\soundmanager\soundmanager\debug\soundsdatabase.obj
d:\c++projects\soundmanager\soundmanager\debug\soundplayertab.obj
d:\c++projects\soundmanager\soundmanager\debug\soundmanager.obj
d:\c++projects\soundmanager\soundmanager\debug\searchtab.obj
d:\c++projects\soundmanager\soundmanager\debug\rtaudioplayer.obj
d:\c++projects\soundmanager\soundmanager\debug\selectedfilespool.obj
d:\c++projects\soundmanager\soundmanager\debug\iselectable.obj
d:\c++projects\soundmanager\soundmanager\debug\soundmanager.ilk
d:\c++projects\soundmanager\debug\soundmanager.exe
d:\c++projects\soundmanager\debug\soundmanager.pdb
d:\c++projects\soundmanager\soundmanager\debug\utils.obj
d:\c++projects\soundmanager\soundmanager\debug\soundmanager.tlog\cl.command.1.tlog
d:\c++projects\soundmanager\soundmanager\debug\soundmanager.tlog\cl.read.1.tlog
d:\c++projects\soundmanager\soundmanager\debug\soundmanager.tlog\cl.write.1.tlog
d:\c++projects\soundmanager\soundmanager\debug\soundmanager.tlog\link.command.1.tlog
d:\c++projects\soundmanager\soundmanager\debug\soundmanager.tlog\link.read.1.tlog
d:\c++projects\soundmanager\soundmanager\debug\soundmanager.tlog\link.write.1.tlog
